12:05:14 **** Build of configuration Debug for project UART_driver_V02 ****
make all 
Building file: ../uart.c
Invoking: AVR Compiler
avr-gcc -Wall -g2 -gstabs -O0 -fpack-struct -fshort-enums -ffunction-sections -fdata-sections -std=gnu99 -funsigned-char -funsigned-bitfields -mmcu=atmega32 -DF_CPU=1000000UL -MMD -MP -MF"uart.d" -MT"uart.o" -c -o "uart.o" "../uart.c"
Finished building: ../uart.c
 
Building file: ../uart_test.c
Invoking: AVR Compiler
avr-gcc -Wall -g2 -gstabs -O0 -fpack-struct -fshort-enums -ffunction-sections -fdata-sections -std=gnu99 -funsigned-char -funsigned-bitfields -mmcu=atmega32 -DF_CPU=1000000UL -MMD -MP -MF"uart_test.d" -MT"uart_test.o" -c -o "uart_test.o" "../uart_test.c"
Finished building: ../uart_test.c
 
Building target: UART_driver_V02.elf
Invoking: AVR C Linker
avr-gcc -Wl,-Map,UART_driver_V02.map -mmcu=atmega32 -o "UART_driver_V02.elf"  ./uart.o ./uart_test.o   
c:/winavr-20100110/bin/../lib/gcc/avr/4.3.3/../../../../avr/lib/avr5/crtm32.o:(.init9+0x0): undefined reference to `main'
make: *** [UART_driver_V02.elf] Error 1
"make all" terminated with exit code 2. Build might be incomplete.
12:06:30 **** Incremental Build of configuration Debug for project UART_driver_V02 ****
make all 
Building file: ../UART_driver_V02.c
Invoking: AVR Compiler
avr-gcc -Wall -g2 -gstabs -O0 -fpack-struct -fshort-enums -ffunction-sections -fdata-sections -std=gnu99 -funsigned-char -funsigned-bitfields -mmcu=atmega32 -DF_CPU=1000000UL -MMD -MP -MF"UART_driver_V02.d" -MT"UART_driver_V02.o" -c -o "UART_driver_V02.o" "../UART_driver_V02.c"
../UART_driver_V02.c: In function 'main':
../UART_driver_V02.c:16: warning: passing argument 1 of 'UART_init' makes pointer from integer without a cast
../UART_driver_V02.c:13: warning: unused variable 'data'
Finished building: ../UART_driver_V02.c
 
Building file: ../uart.c
Invoking: AVR Compiler
avr-gcc -Wall -g2 -gstabs -O0 -fpack-struct -fshort-enums -ffunction-sections -fdata-sections -std=gnu99 -funsigned-char -funsigned-bitfields -mmcu=atmega32 -DF_CPU=1000000UL -MMD -MP -MF"uart.d" -MT"uart.o" -c -o "uart.o" "../uart.c"
Finished building: ../uart.c
 
Building file: ../uart_test.c
Invoking: AVR Compiler
avr-gcc -Wall -g2 -gstabs -O0 -fpack-struct -fshort-enums -ffunction-sections -fdata-sections -std=gnu99 -funsigned-char -funsigned-bitfields -mmcu=atmega32 -DF_CPU=1000000UL -MMD -MP -MF"uart_test.d" -MT"uart_test.o" -c -o "uart_test.o" "../uart_test.c"
Finished building: ../uart_test.c
 
Building target: UART_driver_V02.elf
Invoking: AVR C Linker
avr-gcc -Wl,-Map,UART_driver_V02.map -mmcu=atmega32 -o "UART_driver_V02.elf"  ./UART_driver_V02.o ./uart.o ./uart_test.o   
Finished building target: UART_driver_V02.elf
 
Invoking: AVR Create Extended Listing
avr-objdump -h -S UART_driver_V02.elf  >"UART_driver_V02.lss"
Finished building: UART_driver_V02.lss
 
Invoking: Print Size
avr-size --format=avr --mcu=atmega32 UART_driver_V02.elf
AVR Memory Usage
----------------
Device: atmega32

Program:     912 bytes (2.8% Full)
(.text + .data + .bootloader)

Data:          1 bytes (0.0% Full)
(.data + .bss + .noinit)


Finished building: sizedummy
 
12:06:33 **** Incremental Build of configuration Debug for project UART_driver_V02 ****
make all 
Invoking: Print Size
avr-size --format=avr --mcu=atmega32 UART_driver_V02.elf
AVR Memory Usage
----------------
Device: atmega32

Program:     912 bytes (2.8% Full)
(.text + .data + .bootloader)

Data:          1 bytes (0.0% Full)
(.data + .bss + .noinit)


Finished building: sizedummy
 
12:17:28 **** Build of configuration Debug for project UART_driver_V02 ****
make all 
Building file: ../UART_driver_V02.c
Invoking: AVR Compiler
avr-gcc -Wall -g2 -gstabs -O0 -fpack-struct -fshort-enums -ffunction-sections -fdata-sections -std=gnu99 -funsigned-char -funsigned-bitfields -mmcu=atmega32 -DF_CPU=16000000UL -MMD -MP -MF"UART_driver_V02.d" -MT"UART_driver_V02.o" -c -o "UART_driver_V02.o" "../UART_driver_V02.c"
../UART_driver_V02.c: In function 'main':
../UART_driver_V02.c:16: warning: passing argument 1 of 'UART_init' makes pointer from integer without a cast
../UART_driver_V02.c:12: warning: unused variable 'Str'
Finished building: ../UART_driver_V02.c
 
Building file: ../uart.c
Invoking: AVR Compiler
avr-gcc -Wall -g2 -gstabs -O0 -fpack-struct -fshort-enums -ffunction-sections -fdata-sections -std=gnu99 -funsigned-char -funsigned-bitfields -mmcu=atmega32 -DF_CPU=16000000UL -MMD -MP -MF"uart.d" -MT"uart.o" -c -o "uart.o" "../uart.c"
Finished building: ../uart.c
 
Building file: ../uart_test.c
Invoking: AVR Compiler
avr-gcc -Wall -g2 -gstabs -O0 -fpack-struct -fshort-enums -ffunction-sections -fdata-sections -std=gnu99 -funsigned-char -funsigned-bitfields -mmcu=atmega32 -DF_CPU=16000000UL -MMD -MP -MF"uart_test.d" -MT"uart_test.o" -c -o "uart_test.o" "../uart_test.c"
Finished building: ../uart_test.c
 
Building target: UART_driver_V02.elf
Invoking: AVR C Linker
avr-gcc -Wl,-Map,UART_driver_V02.map -mmcu=atmega32 -o "UART_driver_V02.elf"  ./UART_driver_V02.o ./uart.o ./uart_test.o   
Finished building target: UART_driver_V02.elf
 
Invoking: AVR Create Extended Listing
avr-objdump -h -S UART_driver_V02.elf  >"UART_driver_V02.lss"
Finished building: UART_driver_V02.lss
 
Invoking: Print Size
avr-size --format=avr --mcu=atmega32 UART_driver_V02.elf
AVR Memory Usage
----------------
Device: atmega32

Program:     908 bytes (2.8% Full)
(.text + .data + .bootloader)

Data:          1 bytes (0.0% Full)
(.data + .bss + .noinit)


Finished building: sizedummy
 
13:41:39 **** Clean-only build of configuration Debug for project UART_driver_V02 ****
make clean 
rm -rf  ./UART_driver_V02.o ./uart.o ./uart_test.o  sizedummy  UART_driver_V02.lss  ./UART_driver_V02.d ./uart.d ./uart_test.d  UART_driver_V02.elf
 
13:41:40 **** Build of configuration Debug for project UART_driver_V02 ****
make all 
Building file: ../UART_driver_V02.c
Invoking: AVR Compiler
avr-gcc -Wall -g2 -gstabs -O0 -fpack-struct -fshort-enums -ffunction-sections -fdata-sections -std=gnu99 -funsigned-char -funsigned-bitfields -mmcu=atmega32 -DF_CPU=16000000UL -MMD -MP -MF"UART_driver_V02.d" -MT"UART_driver_V02.o" -c -o "UART_driver_V02.o" "../UART_driver_V02.c"
../UART_driver_V02.c: In function 'main':
../UART_driver_V02.c:16: warning: passing argument 1 of 'UART_init' makes pointer from integer without a cast
../UART_driver_V02.c:12: warning: unused variable 'Str'
Finished building: ../UART_driver_V02.c
 
Building file: ../uart.c
Invoking: AVR Compiler
avr-gcc -Wall -g2 -gstabs -O0 -fpack-struct -fshort-enums -ffunction-sections -fdata-sections -std=gnu99 -funsigned-char -funsigned-bitfields -mmcu=atmega32 -DF_CPU=16000000UL -MMD -MP -MF"uart.d" -MT"uart.o" -c -o "uart.o" "../uart.c"
Finished building: ../uart.c
 
Building file: ../uart_test.c
Invoking: AVR Compiler
avr-gcc -Wall -g2 -gstabs -O0 -fpack-struct -fshort-enums -ffunction-sections -fdata-sections -std=gnu99 -funsigned-char -funsigned-bitfields -mmcu=atmega32 -DF_CPU=16000000UL -MMD -MP -MF"uart_test.d" -MT"uart_test.o" -c -o "uart_test.o" "../uart_test.c"
Finished building: ../uart_test.c
 
Building target: UART_driver_V02.elf
Invoking: AVR C Linker
avr-gcc -Wl,-Map,UART_driver_V02.map -mmcu=atmega32 -o "UART_driver_V02.elf"  ./UART_driver_V02.o ./uart.o ./uart_test.o   
Finished building target: UART_driver_V02.elf
 
Invoking: AVR Create Extended Listing
avr-objdump -h -S UART_driver_V02.elf  >"UART_driver_V02.lss"
Finished building: UART_driver_V02.lss
 
Invoking: Print Size
avr-size --format=avr --mcu=atmega32 UART_driver_V02.elf
AVR Memory Usage
----------------
Device: atmega32

Program:     870 bytes (2.7% Full)
(.text + .data + .bootloader)

Data:          0 bytes (0.0% Full)
(.data + .bss + .noinit)


Finished building: sizedummy
 
13:43:57 **** Incremental Build of configuration Debug for project UART_driver_V02 ****
make all 
Building file: ../UART_driver_V02.c
Invoking: AVR Compiler
avr-gcc -Wall -g2 -gstabs -O0 -fpack-struct -fshort-enums -ffunction-sections -fdata-sections -std=gnu99 -funsigned-char -funsigned-bitfields -mmcu=atmega32 -DF_CPU=16000000UL -MMD -MP -MF"UART_driver_V02.d" -MT"UART_driver_V02.o" -c -o "UART_driver_V02.o" "../UART_driver_V02.c"
../UART_driver_V02.c: In function 'main':
../UART_driver_V02.c:16: warning: passing argument 1 of 'UART_init' makes pointer from integer without a cast
../UART_driver_V02.c:12: warning: unused variable 'Str'
Finished building: ../UART_driver_V02.c
 
Building file: ../uart.c
Invoking: AVR Compiler
avr-gcc -Wall -g2 -gstabs -O0 -fpack-struct -fshort-enums -ffunction-sections -fdata-sections -std=gnu99 -funsigned-char -funsigned-bitfields -mmcu=atmega32 -DF_CPU=16000000UL -MMD -MP -MF"uart.d" -MT"uart.o" -c -o "uart.o" "../uart.c"
Finished building: ../uart.c
 
Building target: UART_driver_V02.elf
Invoking: AVR C Linker
avr-gcc -Wl,-Map,UART_driver_V02.map -mmcu=atmega32 -o "UART_driver_V02.elf"  ./UART_driver_V02.o ./uart.o ./uart_test.o   
Finished building target: UART_driver_V02.elf
 
Invoking: AVR Create Extended Listing
avr-objdump -h -S UART_driver_V02.elf  >"UART_driver_V02.lss"
Finished building: UART_driver_V02.lss
 
Invoking: Print Size
avr-size --format=avr --mcu=atmega32 UART_driver_V02.elf
AVR Memory Usage
----------------
Device: atmega32

Program:     868 bytes (2.6% Full)
(.text + .data + .bootloader)

Data:          0 bytes (0.0% Full)
(.data + .bss + .noinit)


Finished building: sizedummy
 
13:48:43 **** Incremental Build of configuration Debug for project UART_driver_V02 ****
make all 
Building file: ../UART_driver_V02.c
Invoking: AVR Compiler
avr-gcc -Wall -g2 -gstabs -O0 -fpack-struct -fshort-enums -ffunction-sections -fdata-sections -std=gnu99 -funsigned-char -funsigned-bitfields -mmcu=atmega32 -DF_CPU=16000000UL -MMD -MP -MF"UART_driver_V02.d" -MT"UART_driver_V02.o" -c -o "UART_driver_V02.o" "../UART_driver_V02.c"
../UART_driver_V02.c: In function 'main':
../UART_driver_V02.c:20: error: expected '=', ',', ';', 'asm' or '__attribute__' before 'uart_configuration'
../UART_driver_V02.c:20: error: 'uart_configuration' undeclared (first use in this function)
../UART_driver_V02.c:20: error: (Each undeclared identifier is reported only once
../UART_driver_V02.c:20: error: for each function it appears in.)
../UART_driver_V02.c:20: error: expected expression before '{' token
../UART_driver_V02.c:23: warning: unused variable 'Str'
make: *** [UART_driver_V02.o] Error 1
"make all" terminated with exit code 2. Build might be incomplete.
13:49:05 **** Incremental Build of configuration Debug for project UART_driver_V02 ****
make all 
Building file: ../UART_driver_V02.c
Invoking: AVR Compiler
avr-gcc -Wall -g2 -gstabs -O0 -fpack-struct -fshort-enums -ffunction-sections -fdata-sections -std=gnu99 -funsigned-char -funsigned-bitfields -mmcu=atmega32 -DF_CPU=16000000UL -MMD -MP -MF"UART_driver_V02.d" -MT"UART_driver_V02.o" -c -o "UART_driver_V02.o" "../UART_driver_V02.c"
../UART_driver_V02.c: In function 'main':
../UART_driver_V02.c:16: warning: unused variable 'Str'
Finished building: ../UART_driver_V02.c
 
Building target: UART_driver_V02.elf
Invoking: AVR C Linker
avr-gcc -Wl,-Map,UART_driver_V02.map -mmcu=atmega32 -o "UART_driver_V02.elf"  ./UART_driver_V02.o ./uart.o ./uart_test.o   
Finished building target: UART_driver_V02.elf
 
Invoking: AVR Create Extended Listing
avr-objdump -h -S UART_driver_V02.elf  >"UART_driver_V02.lss"
Finished building: UART_driver_V02.lss
 
Invoking: Print Size
avr-size --format=avr --mcu=atmega32 UART_driver_V02.elf
AVR Memory Usage
----------------
Device: atmega32

Program:     962 bytes (2.9% Full)
(.text + .data + .bootloader)

Data:          8 bytes (0.4% Full)
(.data + .bss + .noinit)


Finished building: sizedummy
 
13:52:06 **** Incremental Build of configuration Debug for project UART_driver_V02 ****
make all 
Building file: ../UART_driver_V02.c
Invoking: AVR Compiler
avr-gcc -Wall -g2 -gstabs -O0 -fpack-struct -fshort-enums -ffunction-sections -fdata-sections -std=gnu99 -funsigned-char -funsigned-bitfields -mmcu=atmega32 -DF_CPU=16000000UL -MMD -MP -MF"UART_driver_V02.d" -MT"UART_driver_V02.o" -c -o "UART_driver_V02.o" "../UART_driver_V02.c"
../UART_driver_V02.c: In function 'main':
../UART_driver_V02.c:16: warning: unused variable 'Str'
Finished building: ../UART_driver_V02.c
 
Building file: ../uart.c
Invoking: AVR Compiler
avr-gcc -Wall -g2 -gstabs -O0 -fpack-struct -fshort-enums -ffunction-sections -fdata-sections -std=gnu99 -funsigned-char -funsigned-bitfields -mmcu=atmega32 -DF_CPU=16000000UL -MMD -MP -MF"uart.d" -MT"uart.o" -c -o "uart.o" "../uart.c"
Finished building: ../uart.c
 
Building target: UART_driver_V02.elf
Invoking: AVR C Linker
avr-gcc -Wl,-Map,UART_driver_V02.map -mmcu=atmega32 -o "UART_driver_V02.elf"  ./UART_driver_V02.o ./uart.o ./uart_test.o   
Finished building target: UART_driver_V02.elf
 
Invoking: AVR Create Extended Listing
avr-objdump -h -S UART_driver_V02.elf  >"UART_driver_V02.lss"
Finished building: UART_driver_V02.lss
 
Invoking: Print Size
avr-size --format=avr --mcu=atmega32 UART_driver_V02.elf
AVR Memory Usage
----------------
Device: atmega32

Program:     962 bytes (2.9% Full)
(.text + .data + .bootloader)

Data:          6 bytes (0.3% Full)
(.data + .bss + .noinit)


Finished building: sizedummy
 
13:53:20 **** Incremental Build of configuration Debug for project UART_driver_V02 ****
make all 
Building file: ../UART_driver_V02.c
Invoking: AVR Compiler
avr-gcc -Wall -g2 -gstabs -O0 -fpack-struct -fshort-enums -ffunction-sections -fdata-sections -std=gnu99 -funsigned-char -funsigned-bitfields -mmcu=atmega32 -DF_CPU=16000000UL -MMD -MP -MF"UART_driver_V02.d" -MT"UART_driver_V02.o" -c -o "UART_driver_V02.o" "../UART_driver_V02.c"
../UART_driver_V02.c: In function 'main':
../UART_driver_V02.c:16: warning: unused variable 'Str'
Finished building: ../UART_driver_V02.c
 
Building file: ../uart.c
Invoking: AVR Compiler
avr-gcc -Wall -g2 -gstabs -O0 -fpack-struct -fshort-enums -ffunction-sections -fdata-sections -std=gnu99 -funsigned-char -funsigned-bitfields -mmcu=atmega32 -DF_CPU=16000000UL -MMD -MP -MF"uart.d" -MT"uart.o" -c -o "uart.o" "../uart.c"
Finished building: ../uart.c
 
Building target: UART_driver_V02.elf
Invoking: AVR C Linker
avr-gcc -Wl,-Map,UART_driver_V02.map -mmcu=atmega32 -o "UART_driver_V02.elf"  ./UART_driver_V02.o ./uart.o ./uart_test.o   
Finished building target: UART_driver_V02.elf
 
Invoking: AVR Create Extended Listing
avr-objdump -h -S UART_driver_V02.elf  >"UART_driver_V02.lss"
Finished building: UART_driver_V02.lss
 
Invoking: Print Size
avr-size --format=avr --mcu=atmega32 UART_driver_V02.elf
AVR Memory Usage
----------------
Device: atmega32

Program:    1020 bytes (3.1% Full)
(.text + .data + .bootloader)

Data:          7 bytes (0.3% Full)
(.data + .bss + .noinit)


Finished building: sizedummy
 
14:02:07 **** Incremental Build of configuration Debug for project UART_driver_V02 ****
make all 
Building file: ../uart.c
Invoking: AVR Compiler
avr-gcc -Wall -g2 -gstabs -O0 -fpack-struct -fshort-enums -ffunction-sections -fdata-sections -std=gnu99 -funsigned-char -funsigned-bitfields -mmcu=atmega32 -DF_CPU=16000000UL -MMD -MP -MF"uart.d" -MT"uart.o" -c -o "uart.o" "../uart.c"
Finished building: ../uart.c
 
Building target: UART_driver_V02.elf
Invoking: AVR C Linker
avr-gcc -Wl,-Map,UART_driver_V02.map -mmcu=atmega32 -o "UART_driver_V02.elf"  ./UART_driver_V02.o ./uart.o ./uart_test.o   
Finished building target: UART_driver_V02.elf
 
Invoking: AVR Create Extended Listing
avr-objdump -h -S UART_driver_V02.elf  >"UART_driver_V02.lss"
Finished building: UART_driver_V02.lss
 
Invoking: Print Size
avr-size --format=avr --mcu=atmega32 UART_driver_V02.elf
AVR Memory Usage
----------------
Device: atmega32

Program:    1022 bytes (3.1% Full)
(.text + .data + .bootloader)

Data:          7 bytes (0.3% Full)
(.data + .bss + .noinit)


Finished building: sizedummy
 
14:02:53 **** Incremental Build of configuration Debug for project UART_driver_V02 ****
make all 
Building file: ../uart.c
Invoking: AVR Compiler
avr-gcc -Wall -g2 -gstabs -O0 -fpack-struct -fshort-enums -ffunction-sections -fdata-sections -std=gnu99 -funsigned-char -funsigned-bitfields -mmcu=atmega32 -DF_CPU=16000000UL -MMD -MP -MF"uart.d" -MT"uart.o" -c -o "uart.o" "../uart.c"
Finished building: ../uart.c
 
Building target: UART_driver_V02.elf
Invoking: AVR C Linker
avr-gcc -Wl,-Map,UART_driver_V02.map -mmcu=atmega32 -o "UART_driver_V02.elf"  ./UART_driver_V02.o ./uart.o ./uart_test.o   
Finished building target: UART_driver_V02.elf
 
Invoking: AVR Create Extended Listing
avr-objdump -h -S UART_driver_V02.elf  >"UART_driver_V02.lss"
Finished building: UART_driver_V02.lss
 
Invoking: Print Size
avr-size --format=avr --mcu=atmega32 UART_driver_V02.elf
AVR Memory Usage
----------------
Device: atmega32

Program:    1020 bytes (3.1% Full)
(.text + .data + .bootloader)

Data:          7 bytes (0.3% Full)
(.data + .bss + .noinit)


Finished building: sizedummy
 
14:07:03 **** Incremental Build of configuration Debug for project UART_driver_V02 ****
make all 
Invoking: Print Size
avr-size --format=avr --mcu=atmega32 UART_driver_V02.elf
AVR Memory Usage
----------------
Device: atmega32

Program:    1020 bytes (3.1% Full)
(.text + .data + .bootloader)

Data:          7 bytes (0.3% Full)
(.data + .bss + .noinit)


Finished building: sizedummy
 
14:07:33 **** Incremental Build of configuration Debug for project UART_driver_V02 ****
make all 
Building file: ../UART_driver_V02.c
Invoking: AVR Compiler
avr-gcc -Wall -g2 -gstabs -O0 -fpack-struct -fshort-enums -ffunction-sections -fdata-sections -std=gnu99 -funsigned-char -funsigned-bitfields -mmcu=atmega32 -DF_CPU=16000000UL -MMD -MP -MF"UART_driver_V02.d" -MT"UART_driver_V02.o" -c -o "UART_driver_V02.o" "../UART_driver_V02.c"
../UART_driver_V02.c: In function 'main':
../UART_driver_V02.c:21: warning: implicit declaration of function 'SET_BIT'
../UART_driver_V02.c:14: warning: unused variable 'Str'
Finished building: ../UART_driver_V02.c
 
Building target: UART_driver_V02.elf
Invoking: AVR C Linker
avr-gcc -Wl,-Map,UART_driver_V02.map -mmcu=atmega32 -o "UART_driver_V02.elf"  ./UART_driver_V02.o ./uart.o ./uart_test.o   
./UART_driver_V02.o: In function `main':
../UART_driver_V02.c:21: undefined reference to `SET_BIT'
make: *** [UART_driver_V02.elf] Error 1
"make all" terminated with exit code 2. Build might be incomplete.
14:08:02 **** Incremental Build of configuration Debug for project UART_driver_V02 ****
make all 
Building file: ../UART_driver_V02.c
Invoking: AVR Compiler
avr-gcc -Wall -g2 -gstabs -O0 -fpack-struct -fshort-enums -ffunction-sections -fdata-sections -std=gnu99 -funsigned-char -funsigned-bitfields -mmcu=atmega32 -DF_CPU=16000000UL -MMD -MP -MF"UART_driver_V02.d" -MT"UART_driver_V02.o" -c -o "UART_driver_V02.o" "../UART_driver_V02.c"
../UART_driver_V02.c: In function 'main':
../UART_driver_V02.c:15: warning: unused variable 'Str'
Finished building: ../UART_driver_V02.c
 
Building target: UART_driver_V02.elf
Invoking: AVR C Linker
avr-gcc -Wl,-Map,UART_driver_V02.map -mmcu=atmega32 -o "UART_driver_V02.elf"  ./UART_driver_V02.o ./uart.o ./uart_test.o   
Finished building target: UART_driver_V02.elf
 
Invoking: AVR Create Extended Listing
avr-objdump -h -S UART_driver_V02.elf  >"UART_driver_V02.lss"
Finished building: UART_driver_V02.lss
 
Invoking: Print Size
avr-size --format=avr --mcu=atmega32 UART_driver_V02.elf
AVR Memory Usage
----------------
Device: atmega32

Program:    1034 bytes (3.2% Full)
(.text + .data + .bootloader)

Data:          7 bytes (0.3% Full)
(.data + .bss + .noinit)


Finished building: sizedummy
 
14:08:18 **** Incremental Build of configuration Debug for project UART_driver_V02 ****
make all 
Building file: ../UART_driver_V02.c
Invoking: AVR Compiler
avr-gcc -Wall -g2 -gstabs -O0 -fpack-struct -fshort-enums -ffunction-sections -fdata-sections -std=gnu99 -funsigned-char -funsigned-bitfields -mmcu=atmega32 -DF_CPU=16000000UL -MMD -MP -MF"UART_driver_V02.d" -MT"UART_driver_V02.o" -c -o "UART_driver_V02.o" "../UART_driver_V02.c"
../UART_driver_V02.c: In function 'main':
../UART_driver_V02.c:15: warning: unused variable 'Str'
Finished building: ../UART_driver_V02.c
 
Building target: UART_driver_V02.elf
Invoking: AVR C Linker
avr-gcc -Wl,-Map,UART_driver_V02.map -mmcu=atmega32 -o "UART_driver_V02.elf"  ./UART_driver_V02.o ./uart.o ./uart_test.o   
Finished building target: UART_driver_V02.elf
 
Invoking: AVR Create Extended Listing
avr-objdump -h -S UART_driver_V02.elf  >"UART_driver_V02.lss"
Finished building: UART_driver_V02.lss
 
Invoking: Print Size
avr-size --format=avr --mcu=atmega32 UART_driver_V02.elf
AVR Memory Usage
----------------
Device: atmega32

Program:    1034 bytes (3.2% Full)
(.text + .data + .bootloader)

Data:          7 bytes (0.3% Full)
(.data + .bss + .noinit)


Finished building: sizedummy
 
